      Start  1: libFLAC
 1/10 Test  #1: libFLAC ..........................   Passed
      Start  2: libFLAC++
 2/10 Test  #2: libFLAC++ ........................   Passed
      Start  3: grabbag
 3/10 Test  #3: grabbag ..........................   Passed
      Start  4: generate_streams
 4/10 Test  #4: generate_streams .................   Passed
      Start  5: flac
 5/10 Test  #5: flac .............................   Passed
      Start  6: metaflac
 6/10 Test  #6: metaflac .........................   Passed
      Start  7: replaygain
 7/10 Test  #7: replaygain .......................   Passed
      Start  8: seeking
 8/10 Test  #8: seeking ..........................   Passed
      Start  9: streams
 9/10 Test  #9: streams ..........................   Passed
      Start 10: compression
10/10 Test #10: compression ......................   Passed

100% tests passed, 0 tests failed out of 10

Total Test time (real) =
